<?xml version="1.0" encoding="UTF-8"?>
<coverage generated="1565157007">
  <project timestamp="1565157007">
    <package name="RattfieldNz\SafeUrls\Facades">
      <file name="/var/www/testproject/packages/rattfieldnz/safe-urls/src/Facades/SafeUrls.php">
        <class name="RattfieldNz\SafeUrls\Facades\SafeUrls" namespace="RattfieldNz\SafeUrls\Facades" category="PHP">
          <metrics complexity="1" methods="1" coveredmethods="0" conditionals="0" coveredconditionals="0" statements="1" coveredstatements="0" elements="2" coveredelements="0"/>
        </class>
        <line num="24" type="method" name="getFacadeAccessor" visibility="protected" complexity="1" crap="2.00" count="0"/>
        <line num="26" type="stmt" count="0"/>
        <metrics loc="28" ncloc="13" classes="1" methods="1" coveredmethods="0" conditionals="0" coveredconditionals="0" statements="1" coveredstatements="0" elements="2" coveredelements="0"/>
      </file>
    </package>
    <package name="RattfieldNz\SafeUrls\Libraries\Config">
      <file name="/var/www/testproject/packages/rattfieldnz/safe-urls/src/Libraries/Config/Config.php">
        <class name="RattfieldNz\SafeUrls\Libraries\Config\Config" namespace="RattfieldNz\SafeUrls\Libraries\Config" category="PHP">
          <metrics complexity="14" methods="7" coveredmethods="7" conditionals="0" coveredconditionals="0" statements="14" coveredstatements="14" elements="21" coveredelements="21"/>
        </class>
        <line num="34" type="method" name="googleApiKey" visibility="public" complexity="2" crap="2" count="1"/>
        <line num="36" type="stmt" count="1"/>
        <line num="38" type="stmt" count="1"/>
        <line num="46" type="method" name="clientId" visibility="public" complexity="2" crap="2" count="4"/>
        <line num="48" type="stmt" count="4"/>
        <line num="50" type="stmt" count="4"/>
        <line num="58" type="method" name="clientVersion" visibility="public" complexity="2" crap="2" count="4"/>
        <line num="60" type="stmt" count="4"/>
        <line num="62" type="stmt" count="4"/>
        <line num="70" type="method" name="threatTypes" visibility="public" complexity="2" crap="2" count="4"/>
        <line num="72" type="stmt" count="4"/>
        <line num="74" type="stmt" count="4"/>
        <line num="82" type="method" name="platformTypes" visibility="public" complexity="2" crap="2" count="4"/>
        <line num="84" type="stmt" count="4"/>
        <line num="86" type="stmt" count="4"/>
        <line num="94" type="method" name="threatEntryTypes" visibility="public" complexity="2" crap="2" count="4"/>
        <line num="96" type="stmt" count="4"/>
        <line num="98" type="stmt" count="4"/>
        <line num="106" type="method" name="curlTimeout" visibility="public" complexity="2" crap="2" count="1"/>
        <line num="108" type="stmt" count="1"/>
        <line num="110" type="stmt" count="1"/>
        <metrics loc="112" ncloc="59" classes="1" methods="7" coveredmethods="7" conditionals="0" coveredconditionals="0" statements="14" coveredstatements="14" elements="21" coveredelements="21"/>
      </file>
    </package>
    <package name="RattfieldNz\SafeUrls\Libraries\Curl">
      <file name="/var/www/testproject/packages/rattfieldnz/safe-urls/src/Libraries/Curl/Curl.php">
        <class name="RattfieldNz\SafeUrls\Libraries\Curl\Curl" namespace="RattfieldNz\SafeUrls\Libraries\Curl" category="PHP">
          <metrics complexity="7" methods="6" coveredmethods="2" conditionals="0" coveredconditionals="0" statements="16" coveredstatements="12" elements="22" coveredelements="14"/>
        </class>
        <line num="38" type="method" name="__construct" visibility="public" complexity="1" crap="1" count="1"/>
        <line num="40" type="stmt" count="1"/>
        <line num="41" type="stmt" count="1"/>
        <line num="42" type="stmt" count="1"/>
        <line num="43" type="stmt" count="1"/>
        <line num="44" type="stmt" count="1"/>
        <line num="45" type="stmt" count="1"/>
        <line num="47" type="stmt" count="1"/>
        <line num="48" type="stmt" count="1"/>
        <line num="49" type="stmt" count="1"/>
        <line num="50" type="stmt" count="1"/>
        <line num="57" type="method" name="_setDefaultHeaders" visibility="private" complexity="1" crap="1" count="1"/>
        <line num="59" type="stmt" count="1"/>
        <line num="63" type="stmt" count="1"/>
        <line num="70" type="method" name="execute" visibility="public" complexity="1" crap="2.00" count="0"/>
        <line num="72" type="stmt" count="0"/>
        <line num="82" type="method" name="getData" visibility="public" complexity="1" crap="2.00" count="0"/>
        <line num="84" type="stmt" count="0"/>
        <line num="94" type="method" name="_decode" visibility="private" complexity="2" crap="6.00" count="0"/>
        <line num="96" type="stmt" count="0"/>
        <line num="104" type="method" name="_set" visibility="private" complexity="1" crap="2.00" count="0"/>
        <line num="106" type="stmt" count="0"/>
        <metrics loc="107" ncloc="58" classes="1" methods="6" coveredmethods="2" conditionals="0" coveredconditionals="0" statements="16" coveredstatements="12" elements="22" coveredelements="14"/>
      </file>
    </package>
    <package name="RattfieldNz\SafeUrls\Libraries\Data">
      <file name="/var/www/testproject/packages/rattfieldnz/safe-urls/src/Libraries/Data/Data.php">
        <class name="RattfieldNz\SafeUrls\Libraries\Data\Data" namespace="RattfieldNz\SafeUrls\Libraries\Data" category="PHP">
          <metrics complexity="3" methods="2" coveredmethods="2" conditionals="0" coveredconditionals="0" statements="10" coveredstatements="10" elements="12" coveredelements="12"/>
        </class>
        <line num="26" type="method" name="payload" visibility="public" complexity="1" crap="1" count="3"/>
        <line num="30" type="stmt" count="3"/>
        <line num="31" type="stmt" count="3"/>
        <line num="34" type="stmt" count="3"/>
        <line num="35" type="stmt" count="3"/>
        <line num="36" type="stmt" count="3"/>
        <line num="37" type="stmt" count="3"/>
        <line num="49" type="method" name="formatUrls" visibility="public" complexity="2" crap="2" count="6"/>
        <line num="51" type="stmt" count="6"/>
        <line num="52" type="stmt" count="6"/>
        <line num="53" type="stmt" count="4"/>
        <line num="56" type="stmt" count="6"/>
        <metrics loc="58" ncloc="34" classes="1" methods="2" coveredmethods="2" conditionals="0" coveredconditionals="0" statements="10" coveredstatements="10" elements="12" coveredelements="12"/>
      </file>
    </package>
    <package name="RattfieldNz\SafeUrls\Libraries">
      <file name="/var/www/testproject/packages/rattfieldnz/safe-urls/src/Libraries/Defaults.php">
        <class name="RattfieldNz\SafeUrls\Libraries\Defaults" namespace="RattfieldNz\SafeUrls\Libraries" category="PHP">
          <metrics complexity="0" methods="0" coveredmethods="0" conditionals="0" coveredconditionals="0" statements="0" coveredstatements="0" elements="0" coveredelements="0"/>
        </class>
        <metrics loc="18" ncloc="8" classes="0" methods="0" coveredmethods="0" conditionals="0" coveredconditionals="0" statements="0" coveredstatements="0" elements="0" coveredelements="0"/>
      </file>
    </package>
    <package name="RattfieldNz\SafeUrls">
      <file name="/var/www/testproject/packages/rattfieldnz/safe-urls/src/SafeUrls.php">
        <class name="RattfieldNz\SafeUrls\SafeUrls" namespace="RattfieldNz\SafeUrls" category="PHP">
          <metrics complexity="9" methods="9" coveredmethods="1" conditionals="0" coveredconditionals="0" statements="13" coveredstatements="3" elements="22" coveredelements="4"/>
        </class>
        <line num="29" type="method" name="__construct" visibility="public" complexity="1" crap="1" count="1"/>
        <line num="32" type="stmt" count="1"/>
        <line num="35" type="stmt" count="1"/>
        <line num="36" type="stmt" count="1"/>
        <line num="45" type="method" name="check" visibility="public" complexity="1" crap="2.00" count="0"/>
        <line num="47" type="stmt" count="0"/>
        <line num="57" type="method" name="add" visibility="public" complexity="1" crap="2.00" count="0"/>
        <line num="59" type="stmt" count="0"/>
        <line num="61" type="stmt" count="0"/>
        <line num="71" type="method" name="remove" visibility="public" complexity="1" crap="2.00" count="0"/>
        <line num="73" type="stmt" count="0"/>
        <line num="75" type="stmt" count="0"/>
        <line num="86" type="method" name="isDangerous" visibility="public" complexity="1" crap="2.00" count="0"/>
        <line num="88" type="stmt" count="0"/>
        <line num="99" type="method" name="isSafe" visibility="public" complexity="1" crap="2.00" count="0"/>
        <line num="101" type="stmt" count="0"/>
        <line num="109" type="method" name="getDangerous" visibility="public" complexity="1" crap="2.00" count="0"/>
        <line num="111" type="stmt" count="0"/>
        <line num="119" type="method" name="getSafe" visibility="public" complexity="1" crap="2.00" count="0"/>
        <line num="121" type="stmt" count="0"/>
        <line num="132" type="method" name="format" visibility="public" complexity="1" crap="2.00" count="0"/>
        <line num="134" type="stmt" count="0"/>
        <metrics loc="136" ncloc="59" classes="1" methods="9" coveredmethods="1" conditionals="0" coveredconditionals="0" statements="13" coveredstatements="3" elements="22" coveredelements="4"/>
      </file>
      <file name="/var/www/testproject/packages/rattfieldnz/safe-urls/src/SafeUrlsServiceProvider.php">
        <class name="RattfieldNz\SafeUrls\SafeUrlsServiceProvider" namespace="RattfieldNz\SafeUrls">
          <metrics complexity="4" methods="4" coveredmethods="1" conditionals="0" coveredconditionals="0" statements="15" coveredstatements="8" elements="19" coveredelements="9"/>
        </class>
        <line num="26" type="method" name="boot" visibility="public" complexity="1" crap="1" count="13"/>
        <line num="28" type="stmt" count="13"/>
        <line num="29" type="stmt" count="13"/>
        <line num="33" type="stmt" count="13"/>
        <line num="34" type="stmt" count="13"/>
        <line num="36" type="stmt" count="13"/>
        <line num="43" type="method" name="register" visibility="public" complexity="1" crap="1.02" count="13"/>
        <line num="45" type="stmt" count="13"/>
        <line num="49" type="stmt" count="0"/>
        <line num="50" type="stmt" count="13"/>
        <line num="51" type="stmt" count="13"/>
        <line num="58" type="method" name="provides" visibility="public" complexity="1" crap="2.00" count="0"/>
        <line num="60" type="stmt" count="0"/>
        <line num="68" type="method" name="bootForConsole" visibility="protected" complexity="1" crap="2.00" count="0"/>
        <line num="71" type="stmt" count="0"/>
        <line num="72" type="stmt" count="0"/>
        <line num="73" type="stmt" count="0"/>
        <line num="76" type="stmt" count="0"/>
        <line num="77" type="stmt" count="0"/>
        <metrics loc="78" ncloc="40" classes="1" methods="4" coveredmethods="1" conditionals="0" coveredconditionals="0" statements="15" coveredstatements="8" elements="19" coveredelements="9"/>
      </file>
    </package>
    <metrics files="7" loc="537" ncloc="271" classes="6" methods="29" coveredmethods="13" conditionals="0" coveredconditionals="0" statements="69" coveredstatements="47" elements="98" coveredelements="60"/>
  </project>
</coverage>
